Using pre-set license
Built from '2020.2/release' branch; Version is '2020.2.2f1 (068178b99f32) revision 426360'; Using compiler version '192528614'; Build Type 'Release'
OS: 'Windows 10 Pro; OS build 19042.804; Version 2009; 64bit' Language: 'en' Physical Memory: 16312 MB
BatchMode: 1, IsHumanControllingUs: 0, StartBugReporterOnCrash: 0, Is64bit: 1, IsPro: 0

 COMMAND LINE ARGUMENTS:
D:\Unity\Editors\2020.2.2f1\Editor\Unity.exe
-adb2
-batchMode
-noUpm
-name
AssetImportWorker0
-projectPath
D:/Develop/Unity - 3D/Templates/Basic 3D Game Template
-logFile
Logs/AssetImportWorker0.log
-srvPort
54887
Successfully changed project path to: D:/Develop/Unity - 3D/Templates/Basic 3D Game Template
D:/Develop/Unity - 3D/Templates/Basic 3D Game Template
Using Asset Import Pipeline V2.
Refreshing native plugins compatible for Editor in 36.39 ms, found 0 plugins.
Preloading 0 native plugins for Editor in 0.00 ms.
Initialize engine version: 2020.2.2f1 (068178b99f32)
[Subsystems] Discovering subsystems at path D:/Unity/Editors/2020.2.2f1/Editor/Data/Resources/UnitySubsystems
[Subsystems] Discovering subsystems at path D:/Develop/Unity - 3D/Templates/Basic 3D Game Template/Assets
GfxDevice: creating device client; threaded=0
Direct3D:
    Version:  Direct3D 11.0 [level 11.1]
    Renderer: Radeon RX 580 Series (ID=0x67df)
    Vendor:   
    VRAM:     8172 MB
    Driver:   26.20.12028.2
Shader 'Universal Render Pipeline/Particles/Lit': fallback shader 'Universal Render Pipeline/Particles/SimpleLit' not found
Initialize mono
Mono path[0] = 'D:/Unity/Editors/2020.2.2f1/Editor/Data/Managed'
Mono path[1] = 'D:/Unity/Editors/2020.2.2f1/Editor/Data/MonoBleedingEdge/lib/mono/unityjit'
Mono config path = 'D:/Unity/Editors/2020.2.2f1/Editor/Data/MonoBleedingEdge/etc'
Using monoOptions --debugger-agent=transport=dt_socket,embedding=1,server=y,suspend=n,address=127.0.0.1:56904
Begin MonoManager ReloadAssembly
Registering precompiled unity dll's ...
Register platform support module: D:/Unity/Editors/2020.2.2f1/Editor/Data/PlaybackEngines/WebGLSupport/UnityEditor.WebGL.Extensions.dll
Register platform support module: D:/Unity/Editors/2020.2.2f1/Editor/Data/PlaybackEngines/WindowsStandaloneSupport/UnityEditor.WindowsStandalone.Extensions.dll
Registered in 0.001639 seconds.
Native extension for WindowsStandalone target not found
Native extension for WebGL target not found
Refreshing native plugins compatible for Editor in 45.48 ms, found 0 plugins.
Preloading 0 native plugins for Editor in 0.00 ms.
Invoked RoslynAnalysisRunner static constructor.
RoslynAnalysisRunner will not be running.
RoslynAnalysisRunner has terminated.
Mono: successfully reloaded assembly
- Completed reload, in  1.538 seconds
Platform modules already initialized, skipping
Registering precompiled user dll's ...
Registered in 0.001001 seconds.
Begin MonoManager ReloadAssembly
Native extension for WindowsStandalone target not found
Native extension for WebGL target not found
Refreshing native plugins compatible for Editor in 37.83 ms, found 0 plugins.
Preloading 0 native plugins for Editor in 0.00 ms.
Invoked RoslynAnalysisRunner static constructor.
RoslynAnalysisRunner will not be running.
RoslynAnalysisRunner has terminated.
Mono: successfully reloaded assembly
- Completed reload, in  0.751 seconds
Platform modules already initialized, skipping
========================================================================
Worker process is ready to serve import requests
Shader 'Universal Render Pipeline/Particles/Lit': fallback shader 'Universal Render Pipeline/Particles/SimpleLit' not found
Launched and connected shader compiler UnityShaderCompiler.exe after 0.04 seconds
Refreshing native plugins compatible for Editor in 0.40 ms, found 0 plugins.
Preloading 0 native plugins for Editor in 0.00 ms.
Unloading 2493 Unused Serialized files (Serialized files now loaded: 0)
System memory in use before: 136.4 MB.
System memory in use after: 136.6 MB.

Unloading 10 unused Assets to reduce memory usage. Loaded Objects now: 2957.
Total: 2.060000 ms (FindLiveObjects: 0.218100 ms CreateObjectMapping: 0.058000 ms MarkObjects: 1.707000 ms  DeleteObjects: 0.075800 ms)

========================================================================
Received Import Request.
  path: Assets/Scenes/Start.unity
  artifactKey: Guid(2864787b9bd001043bf5fc583c9491b2) Importer(815301076,1909f56bfc062723c751e8b465ee728b)
Start importing Assets/Scenes/Start.unity using Guid(2864787b9bd001043bf5fc583c9491b2) Importer(815301076,1909f56bfc062723c751e8b465ee728b)  -> (artifact id: 'd754205b8558c93668381f0f2ef46dca') in 0.012348 seconds
  Import took 0.020729 seconds .

========================================================================
Received Import Request.
  Time since last request: 104.165869 seconds.
  path: Assets/Scripts/Global/Startup.cs
  artifactKey: Guid(eb67fec940651a5409052b952e08fe24) Importer(815301076,1909f56bfc062723c751e8b465ee728b)
Start importing Assets/Scripts/Global/Startup.cs using Guid(eb67fec940651a5409052b952e08fe24) Importer(815301076,1909f56bfc062723c751e8b465ee728b)  -> (artifact id: '3807172b5fb71b153cf8d8dd35524ba7') in 0.031092 seconds
  Import took 0.039716 seconds .

========================================================================
Received Import Request.
  Time since last request: 0.023902 seconds.
  path: Assets/Scripts/Global/SessionData.cs
  artifactKey: Guid(1ecddcec5d38a644e92c45d2b53ddcd9) Importer(815301076,1909f56bfc062723c751e8b465ee728b)
Start importing Assets/Scripts/Global/SessionData.cs using Guid(1ecddcec5d38a644e92c45d2b53ddcd9) Importer(815301076,1909f56bfc062723c751e8b465ee728b)  -> (artifact id: '89a5b4a85e41c7eb32fe5e4c81bc6ea5') in 0.002611 seconds
  Import took 0.012108 seconds .

AssetImportWorkerClient::OnTransportError - code=2 error=End of file
